{"obj": {"type": "AssignString", "path": ["sys", "name"], "value": "lotus-alligator"}, "version": 1, "at": 1715787841.326375}
{"obj": {"type": "AssignString", "path": ["sys", "description"], "value": ""}, "version": 2, "at": 1715787841.327096}
{"obj": {"type": "AssignString", "path": ["monitoring", "6243011b", "hostname"], "value": "Kithmins-Air"}, "version": 3, "at": 1715787841.327293}
{"obj": {"type": "AssignString", "path": ["sys", "hostname"], "value": "Kithmins-Air"}, "version": 4, "at": 1715787841.327421}
{"obj": {"type": "AssignString", "path": ["monitoring", "6243011b", "pid"], "value": "49986"}, "version": 5, "at": 1715787841.327542}
{"obj": {"type": "AssignString", "path": ["monitoring", "6243011b", "tid"], "value": "8632042048"}, "version": 6, "at": 1715787841.327658}
{"obj": {"type": "AddStrings", "path": ["sys", "tags"], "values": ["script", "quickstart"]}, "version": 7, "at": 1715787841.328017}
{"obj": {"type": "AssignBool", "path": ["sys", "failed"], "value": false}, "version": 8, "at": 1715787841.328174}
{"obj": {"type": "AssignFloat", "path": ["seed"], "value": 0.42}, "version": 9, "at": 1715787841.339565}
{"obj": {"type": "LogFloats", "path": ["accuracy"], "values": [{"value": -0.5938376658588288, "step": null, "ts": 1715787841.342067}]}, "version": 10, "at": 1715787841.342156}
{"obj": {"type": "LogFloats", "path": ["loss"], "values": [{"value": 1.848463445927133, "step": null, "ts": 1715787841.343221}]}, "version": 11, "at": 1715787841.343244}
{"obj": {"type": "LogFloats", "path": ["accuracy"], "values": [{"value": 0.4749217808982456, "step": null, "ts": 1715787841.346414}]}, "version": 12, "at": 1715787841.346439}
{"obj": {"type": "LogFloats", "path": ["loss"], "values": [{"value": 0.6005004453237949, "step": null, "ts": 1715787841.346612}]}, "version": 13, "at": 1715787841.346638}
{"obj": {"type": "LogFloats", "path": ["accuracy"], "values": [{"value": 0.44309080709142795, "step": null, "ts": 1715787841.346785}]}, "version": 14, "at": 1715787841.346804}
{"obj": {"type": "LogFloats", "path": ["loss"], "values": [{"value": 0.5097584710400791, "step": null, "ts": 1715787841.347629}]}, "version": 15, "at": 1715787841.347646}
{"obj": {"type": "LogFloats", "path": ["accuracy"], "values": [{"value": 0.6468185724041081, "step": null, "ts": 1715787841.347713}]}, "version": 16, "at": 1715787841.347727}
{"obj": {"type": "LogFloats", "path": ["loss"], "values": [{"value": 0.20513492621011067, "step": null, "ts": 1715787841.3477912}]}, "version": 17, "at": 1715787841.347805}
{"obj": {"type": "LogFloats", "path": ["accuracy"], "values": [{"value": 0.8978632242115379, "step": null, "ts": 1715787841.34792}]}, "version": 18, "at": 1715787841.3479328}
{"obj": {"type": "LogFloats", "path": ["loss"], "values": [{"value": 0.18795228767344913, "step": null, "ts": 1715787841.347991}]}, "version": 19, "at": 1715787841.3480031}
{"obj": {"type": "LogFloats", "path": ["accuracy"], "values": [{"value": 0.8771370750684787, "step": null, "ts": 1715787841.34807}]}, "version": 20, "at": 1715787841.348083}
{"obj": {"type": "LogFloats", "path": ["loss"], "values": [{"value": 0.19403765357928882, "step": null, "ts": 1715787841.34814}]}, "version": 21, "at": 1715787841.348153}
{"obj": {"type": "LogFloats", "path": ["accuracy"], "values": [{"value": 0.8555450992143976, "step": null, "ts": 1715787841.34831}]}, "version": 22, "at": 1715787841.348323}
{"obj": {"type": "LogFloats", "path": ["loss"], "values": [{"value": 0.05681426674835699, "step": null, "ts": 1715787841.348379}]}, "version": 23, "at": 1715787841.348392}
{"obj": {"type": "LogFloats", "path": ["accuracy"], "values": [{"value": 0.9734765442338519, "step": null, "ts": 1715787841.348524}]}, "version": 24, "at": 1715787841.348536}
{"obj": {"type": "LogFloats", "path": ["loss"], "values": [{"value": 0.09111777323500997, "step": null, "ts": 1715787841.349003}]}, "version": 25, "at": 1715787841.349024}
{"obj": {"type": "LogFloats", "path": ["accuracy"], "values": [{"value": 0.9692402678490251, "step": null, "ts": 1715787841.349123}]}, "version": 26, "at": 1715787841.349139}
{"obj": {"type": "LogFloats", "path": ["loss"], "values": [{"value": 0.06169672822339832, "step": null, "ts": 1715787841.349235}]}, "version": 27, "at": 1715787841.3492491}
{"obj": {"type": "LogFloats", "path": ["accuracy"], "values": [{"value": 0.9605374545098048, "step": null, "ts": 1715787841.349335}]}, "version": 28, "at": 1715787841.349348}
{"obj": {"type": "LogFloats", "path": ["loss"], "values": [{"value": 0.04519913786661289, "step": null, "ts": 1715787841.349407}]}, "version": 29, "at": 1715787841.34942}
{"obj": {"type": "UploadFile", "path": ["single_image"], "ext": "png", "file_path": "/Users/kithminrw/Documents/GitHub/ml-nn-zero2hero/notebooks/01/Lenna_test_image.png", "tmp_file_name": null, "clean_after_upload": false}, "version": 30, "at": 1715787841.350143}
